<?xml version="1.0" encoding="UTF-8"?>
<!-- Generated by org.testng.reporters.JUnitReportReporter -->
<testsuite hostname="Binnys-Air" failures="0" tests="4" name="runner.TestRunner" time="0.834" errors="0" timestamp="2024-02-25T21:53:58 EST" skipped="0">
  <testcase classname="runner.TestRunner" name="runScenario" time="0.033"/>
  <testcase classname="runner.TestRunner" name="runScenario" time="0.757"/>
  <testcase classname="runner.TestRunner" name="runScenario" time="0.015"/>
  <testcase classname="runner.TestRunner" name="runScenario" time="0.029"/>
</testsuite> <!-- runner.TestRunner -->
